<?xml version="1.0" encoding="UTF-8"?>
<!-- Generated by org.testng.reporters.JUnitReportReporter -->
<testsuite hostname="LAP-TZ-0X82240" failures="0" tests="1" name="FlipkartTest.OrderTest" time="9.355" errors="0" timestamp="28 Jan 2024 08:10:15 GMT" skipped="0">
  <testcase classname="FlipkartTest.OrderTest" name="findLowestPriceProduct" time="9.355"/>
</testsuite> <!-- FlipkartTest.OrderTest -->
