<?xml version="1.0" encoding="UTF-8"?>
<!-- Generated by org.testng.reporters.JUnitReportReporter -->
<testsuite hostname="LAP-TZ-0X82240" failures="0" tests="1" name="RahulShettyAcademy.tests.SubmitOrderTest" time="7.751" errors="0" timestamp="18 Feb 2024 06:55:10 GMT" skipped="0">
  <testcase classname="RahulShettyAcademy.tests.SubmitOrderTest" name="submitOrder" time="7.751"/>
</testsuite> <!-- RahulShettyAcademy.tests.SubmitOrderTest -->
